Compiling the Swift compiler identification source file "CompilerId/main.swift" failed.
Compiler: C:/Library/Developer/Toolchains/unknown-Asserts-development.xctoolchain/usr/bin/swiftc.exe 
Build flags: 
Id flags:  

The output was:
1
clang: error: no such file or directory: 'C:\Library\Developer\Toolchains\unknown-Asserts-development.xctoolchain\usr\lib\swift\windows\x86_64\swiftrt.obj'
<unknown>:0: error: link command failed with exit code 1 (use -v to see invocation)


Compiling the Swift compiler identification source file "CompilerId/main.swift" failed.
Compiler: C:/Library/Developer/Toolchains/unknown-Asserts-development.xctoolchain/usr/bin/swiftc.exe 
Build flags: 
Id flags:  

The output was:
1
clang: error: no such file or directory: 'C:\Library\Developer\Toolchains\unknown-Asserts-development.xctoolchain\usr\lib\swift\windows\x86_64\swiftrt.obj'
<unknown>:0: error: link command failed with exit code 1 (use -v to see invocation)


Determining if the Swift compiler works failed with the following output:
Change Dir: C:/Users/Marcel/Documents/Projects/Cyanite-Engine/Bindings/CMakeFiles/CMakeTmp

Run Build Command(s):C:/ProgramData/chocolatey/bin/ninja.exe cmTC_b653f && [1/1] Linking Swift executable cmTC_b653f.exe
FAILED: cmTC_b653f.exe CMakeFiles/cmTC_b653f.dir/main.swift.obj cmTC_b653f.swiftmodule 
cmd.exe /C "cd . && C:\Library\Developer\Toolchains\unknown-Asserts-development.xctoolchain\usr\bin\swiftc.exe -output-file-map CMakeFiles\cmTC_b653f.dir\\output-file-map.json -incremental -j 8 -emit-executable -o cmTC_b653f.exe -emit-dependencies    main.swift    && cd ."
clang: error: no such file or directory: 'C:\Library\Developer\Toolchains\unknown-Asserts-development.xctoolchain\usr\lib\swift\windows\x86_64\swiftrt.obj'
<unknown>:0: error: link command failed with exit code 1 (use -v to see invocation)
ninja: build stopped: subcommand failed.



Compiling the Swift compiler identification source file "CompilerId/main.swift" failed.
Compiler: C:/Library/Developer/Toolchains/unknown-Asserts-development.xctoolchain/usr/bin/swiftc.exe 
Build flags: 
Id flags:  

The output was:
1
clang: error: no such file or directory: 'C:\Library\Developer\Toolchains\unknown-Asserts-development.xctoolchain\usr\lib\swift\windows\x86_64\swiftrt.obj'
<unknown>:0: error: link command failed with exit code 1 (use -v to see invocation)


Compiling the Swift compiler identification source file "CompilerId/main.swift" failed.
Compiler: C:/Library/Developer/Toolchains/unknown-Asserts-development.xctoolchain/usr/bin/swiftc.exe 
Build flags: 
Id flags:  

The output was:
1
clang: error: no such file or directory: 'C:\Library\Developer\Toolchains\unknown-Asserts-development.xctoolchain\usr\lib\swift\windows\x86_64\swiftrt.obj'
<unknown>:0: error: link command failed with exit code 1 (use -v to see invocation)


Determining if the Swift compiler works failed with the following output:
Change Dir: C:/Users/Marcel/Documents/Projects/Cyanite-Engine/Bindings/CMakeFiles/CMakeTmp

Run Build Command(s):C:/ProgramData/chocolatey/bin/ninja.exe cmTC_40c10 && [1/1] Linking Swift executable cmTC_40c10.exe
FAILED: cmTC_40c10.exe CMakeFiles/cmTC_40c10.dir/main.swift.obj cmTC_40c10.swiftmodule 
cmd.exe /C "cd . && C:\Library\Developer\Toolchains\unknown-Asserts-development.xctoolchain\usr\bin\swiftc.exe -output-file-map CMakeFiles\cmTC_40c10.dir\\output-file-map.json -incremental -j 8 -emit-executable -o cmTC_40c10.exe -emit-dependencies    main.swift    && cd ."
clang: error: no such file or directory: 'C:\Library\Developer\Toolchains\unknown-Asserts-development.xctoolchain\usr\lib\swift\windows\x86_64\swiftrt.obj'
<unknown>:0: error: link command failed with exit code 1 (use -v to see invocation)
ninja: build stopped: subcommand failed.



